<?xml version="1.0" encoding="UTF-8"?>
<!-- Generated by org.testng.reporters.JUnitXMLReporter -->
<testsuite hostname="Aniruddhas-MacBook-Pro.local" ignored="0" name="DataDriven Test Cases1" tests="5" failures="0" timestamp="2020-12-30T21:22:48 IST" time="20.121" errors="0">
  <testcase name="yahooRegistrationTest" time="0.272" classname="com.datadriven.test.YahooLoginTest"/>
  <testcase name="yahooRegistrationTest" time="0.239" classname="com.datadriven.test.YahooLoginTest"/>
  <testcase name="yahooRegistrationTest" time="0.233" classname="com.datadriven.test.YahooLoginTest"/>
  <testcase name="yahooRegistrationTest" time="0.233" classname="com.datadriven.test.YahooLoginTest"/>
  <testcase name="yahooRegistrationTest" time="0.234" classname="com.datadriven.test.YahooLoginTest"/>
</testsuite> <!-- DataDriven Test Cases1 -->
