<?xml version="1.0" encoding="UTF-8"?>
<!-- Generated by org.testng.reporters.JUnitXMLReporter -->
<testsuite hostname="Aniruddhas-MacBook-Pro.local" ignored="0" name="RedBus App Test Cases" tests="9" failures="0" timestamp="2020-12-05T00:29:10 IST" time="12.007" errors="0">
  <testcase name="googleTitleTest" time="0.015" classname="com.test.GoogleTest"/>
  <testcase name="gmailLinkTest" time="0.065" classname="com.test.GoogleTest"/>
  <testcase name="imagesLinkTest" time="0.033" classname="com.test.GoogleTest"/>
  <testcase name="sum" time="0.003" classname="com.test.InvocationCountTest"/>
  <testcase name="sum" time="0.003" classname="com.test.InvocationCountTest"/>
  <testcase name="sum" time="0.01" classname="com.test.InvocationCountTest"/>
  <testcase name="sum" time="0.001" classname="com.test.InvocationCountTest"/>
  <testcase name="sum" time="0.001" classname="com.test.InvocationCountTest"/>
  <testcase name="test" time="0.001" classname="com.test.TestNGBasics"/>
</testsuite> <!-- RedBus App Test Cases -->
